<?xml version="1.0" encoding="UTF-8"?>
<testsuite xmlns:xsi="http://www.w3.org/2001/XMLSchema-instance" xsi:noNamespaceSchemaLocation="https://maven.apache.org/surefire/maven-surefire-plugin/xsd/surefire-test-report.xsd" name="test.Test" time="69.827" tests="4" errors="0" skipped="0" failures="0">
  <properties>
    <property name="java.specification.version" value="13"/>
    <property name="sun.cpu.isalist" value="amd64"/>
    <property name="sun.jnu.encoding" value="Cp1251"/>
    <property name="java.class.path" value="C:\Users\Admin\eclipse-workspace\maven-mvc\target\test-classes;C:\Users\Admin\eclipse-workspace\maven-mvc\target\classes;D:\Program Files\apache-maven-3.6.3\repository\junit\junit\4.11\junit-4.11.jar;D:\Program Files\apache-maven-3.6.3\repository\org\hamcrest\hamcrest-core\1.3\hamcrest-core-1.3.jar;D:\Program Files\apache-maven-3.6.3\repository\javax\servlet\jstl\1.2\jstl-1.2.jar;D:\Program Files\apache-maven-3.6.3\repository\org\apache\logging\log4j\log4j-api\2.13.3\log4j-api-2.13.3.jar;D:\Program Files\apache-maven-3.6.3\repository\org\apache\logging\log4j\log4j-core\2.13.3\log4j-core-2.13.3.jar;D:\Program Files\apache-maven-3.6.3\repository\com\fasterxml\jackson\core\jackson-core\2.11.2\jackson-core-2.11.2.jar;D:\Program Files\apache-maven-3.6.3\repository\com\fasterxml\jackson\core\jackson-databind\2.11.2\jackson-databind-2.11.2.jar;D:\Program Files\apache-maven-3.6.3\repository\com\fasterxml\jackson\core\jackson-annotations\2.11.2\jackson-annotations-2.11.2.jar;D:\Program Files\apache-maven-3.6.3\repository\org\springframework\spring-core\5.2.8.RELEASE\spring-core-5.2.8.RELEASE.jar;D:\Program Files\apache-maven-3.6.3\repository\org\springframework\spring-jcl\5.2.8.RELEASE\spring-jcl-5.2.8.RELEASE.jar;D:\Program Files\apache-maven-3.6.3\repository\org\springframework\spring-context\5.2.8.RELEASE\spring-context-5.2.8.RELEASE.jar;D:\Program Files\apache-maven-3.6.3\repository\org\springframework\spring-beans\5.2.8.RELEASE\spring-beans-5.2.8.RELEASE.jar;D:\Program Files\apache-maven-3.6.3\repository\org\springframework\spring-expression\5.2.8.RELEASE\spring-expression-5.2.8.RELEASE.jar;D:\Program Files\apache-maven-3.6.3\repository\org\postgresql\postgresql\42.2.5\postgresql-42.2.5.jar;D:\Program Files\apache-maven-3.6.3\repository\javax\servlet\javax.servlet-api\4.0.1\javax.servlet-api-4.0.1.jar;D:\Program Files\apache-maven-3.6.3\repository\javax\servlet\jsp\javax.servlet.jsp-api\2.3.3\javax.servlet.jsp-api-2.3.3.jar;D:\Program Files\apache-maven-3.6.3\repository\commons-fileupload\commons-fileupload\1.4\commons-fileupload-1.4.jar;D:\Program Files\apache-maven-3.6.3\repository\org\springframework\spring-webmvc\5.2.8.RELEASE\spring-webmvc-5.2.8.RELEASE.jar;D:\Program Files\apache-maven-3.6.3\repository\org\springframework\spring-web\5.2.8.RELEASE\spring-web-5.2.8.RELEASE.jar;D:\Program Files\apache-maven-3.6.3\repository\org\springframework\spring-orm\5.2.8.RELEASE\spring-orm-5.2.8.RELEASE.jar;D:\Program Files\apache-maven-3.6.3\repository\org\springframework\spring-jdbc\5.2.8.RELEASE\spring-jdbc-5.2.8.RELEASE.jar;D:\Program Files\apache-maven-3.6.3\repository\org\springframework\spring-tx\5.2.8.RELEASE\spring-tx-5.2.8.RELEASE.jar;D:\Program Files\apache-maven-3.6.3\repository\org\springframework\data\spring-data-jpa\2.3.3.RELEASE\spring-data-jpa-2.3.3.RELEASE.jar;D:\Program Files\apache-maven-3.6.3\repository\org\springframework\data\spring-data-commons\2.3.3.RELEASE\spring-data-commons-2.3.3.RELEASE.jar;D:\Program Files\apache-maven-3.6.3\repository\org\slf4j\slf4j-api\1.7.26\slf4j-api-1.7.26.jar;D:\Program Files\apache-maven-3.6.3\repository\org\hibernate\hibernate-core\5.4.21.Final\hibernate-core-5.4.21.Final.jar;D:\Program Files\apache-maven-3.6.3\repository\org\jboss\logging\jboss-logging\3.3.2.Final\jboss-logging-3.3.2.Final.jar;D:\Program Files\apache-maven-3.6.3\repository\javax\persistence\javax.persistence-api\2.2\javax.persistence-api-2.2.jar;D:\Program Files\apache-maven-3.6.3\repository\org\javassist\javassist\3.24.0-GA\javassist-3.24.0-GA.jar;D:\Program Files\apache-maven-3.6.3\repository\net\bytebuddy\byte-buddy\1.10.10\byte-buddy-1.10.10.jar;D:\Program Files\apache-maven-3.6.3\repository\antlr\antlr\2.7.7\antlr-2.7.7.jar;D:\Program Files\apache-maven-3.6.3\repository\org\jboss\spec\javax\transaction\jboss-transaction-api_1.2_spec\1.1.1.Final\jboss-transaction-api_1.2_spec-1.1.1.Final.jar;D:\Program Files\apache-maven-3.6.3\repository\org\jboss\jandex\2.1.3.Final\jandex-2.1.3.Final.jar;D:\Program Files\apache-maven-3.6.3\repository\com\fasterxml\classmate\1.5.1\classmate-1.5.1.jar;D:\Program Files\apache-maven-3.6.3\repository\javax\activation\javax.activation-api\1.2.0\javax.activation-api-1.2.0.jar;D:\Program Files\apache-maven-3.6.3\repository\org\dom4j\dom4j\2.1.3\dom4j-2.1.3.jar;D:\Program Files\apache-maven-3.6.3\repository\org\hibernate\common\hibernate-commons-annotations\5.1.0.Final\hibernate-commons-annotations-5.1.0.Final.jar;D:\Program Files\apache-maven-3.6.3\repository\javax\xml\bind\jaxb-api\2.3.1\jaxb-api-2.3.1.jar;D:\Program Files\apache-maven-3.6.3\repository\org\glassfish\jaxb\jaxb-runtime\2.3.1\jaxb-runtime-2.3.1.jar;D:\Program Files\apache-maven-3.6.3\repository\org\glassfish\jaxb\txw2\2.3.1\txw2-2.3.1.jar;D:\Program Files\apache-maven-3.6.3\repository\com\sun\istack\istack-commons-runtime\3.0.7\istack-commons-runtime-3.0.7.jar;D:\Program Files\apache-maven-3.6.3\repository\org\jvnet\staxex\stax-ex\1.8\stax-ex-1.8.jar;D:\Program Files\apache-maven-3.6.3\repository\com\sun\xml\fastinfoset\FastInfoset\1.2.15\FastInfoset-1.2.15.jar;D:\Program Files\apache-maven-3.6.3\repository\org\hibernate\hibernate-entitymanager\5.4.21.Final\hibernate-entitymanager-5.4.21.Final.jar;D:\Program Files\apache-maven-3.6.3\repository\org\hibernate\hibernate-c3p0\5.4.21.Final\hibernate-c3p0-5.4.21.Final.jar;D:\Program Files\apache-maven-3.6.3\repository\com\mchange\c3p0\0.9.5.5\c3p0-0.9.5.5.jar;D:\Program Files\apache-maven-3.6.3\repository\com\mchange\mchange-commons-java\0.2.19\mchange-commons-java-0.2.19.jar;D:\Program Files\apache-maven-3.6.3\repository\commons-io\commons-io\2.8.0\commons-io-2.8.0.jar;D:\Program Files\apache-maven-3.6.3\repository\org\jsoup\jsoup\1.13.1\jsoup-1.13.1.jar;D:\Program Files\apache-maven-3.6.3\repository\org\xerial\sqlite-jdbc\3.32.3.2\sqlite-jdbc-3.32.3.2.jar;D:\Program Files\apache-maven-3.6.3\repository\org\aspectj\aspectjrt\1.9.6\aspectjrt-1.9.6.jar;D:\Program Files\apache-maven-3.6.3\repository\org\aspectj\aspectjweaver\1.9.6\aspectjweaver-1.9.6.jar;D:\Program Files\apache-maven-3.6.3\repository\org\springframework\spring-aop\5.2.8.RELEASE\spring-aop-5.2.8.RELEASE.jar;D:\Program Files\apache-maven-3.6.3\repository\com\opencsv\opencsv\5.2\opencsv-5.2.jar;D:\Program Files\apache-maven-3.6.3\repository\org\apache\commons\commons-lang3\3.10\commons-lang3-3.10.jar;D:\Program Files\apache-maven-3.6.3\repository\org\apache\commons\commons-text\1.8\commons-text-1.8.jar;D:\Program Files\apache-maven-3.6.3\repository\commons-beanutils\commons-beanutils\1.9.4\commons-beanutils-1.9.4.jar;D:\Program Files\apache-maven-3.6.3\repository\commons-logging\commons-logging\1.2\commons-logging-1.2.jar;D:\Program Files\apache-maven-3.6.3\repository\commons-collections\commons-collections\3.2.2\commons-collections-3.2.2.jar;D:\Program Files\apache-maven-3.6.3\repository\org\apache\commons\commons-collections4\4.4\commons-collections4-4.4.jar;"/>
    <property name="java.vm.vendor" value="Oracle Corporation"/>
    <property name="sun.arch.data.model" value="64"/>
    <property name="user.variant" value=""/>
    <property name="java.vendor.url" value="https://java.oracle.com/"/>
    <property name="user.timezone" value="GMT+03:00"/>
    <property name="os.name" value="Windows 7"/>
    <property name="java.vm.specification.version" value="13"/>
    <property name="sun.java.launcher" value="SUN_STANDARD"/>
    <property name="user.country" value="RU"/>
    <property name="sun.boot.library.path" value="C:\Program Files\Java\jdk-13\bin"/>
    <property name="sun.java.command" value="C:\Users\Admin\AppData\Local\Temp\surefire15941355040410154592\surefirebooter1180728909940573813.jar C:\Users\Admin\AppData\Local\Temp\surefire15941355040410154592 2020-10-23T00-25-39_624-jvmRun1 surefire15331407146350544514tmp surefire_01473383781548500512tmp"/>
    <property name="jdk.debug" value="release"/>
    <property name="surefire.test.class.path" value="C:\Users\Admin\eclipse-workspace\maven-mvc\target\test-classes;C:\Users\Admin\eclipse-workspace\maven-mvc\target\classes;D:\Program Files\apache-maven-3.6.3\repository\junit\junit\4.11\junit-4.11.jar;D:\Program Files\apache-maven-3.6.3\repository\org\hamcrest\hamcrest-core\1.3\hamcrest-core-1.3.jar;D:\Program Files\apache-maven-3.6.3\repository\javax\servlet\jstl\1.2\jstl-1.2.jar;D:\Program Files\apache-maven-3.6.3\repository\org\apache\logging\log4j\log4j-api\2.13.3\log4j-api-2.13.3.jar;D:\Program Files\apache-maven-3.6.3\repository\org\apache\logging\log4j\log4j-core\2.13.3\log4j-core-2.13.3.jar;D:\Program Files\apache-maven-3.6.3\repository\com\fasterxml\jackson\core\jackson-core\2.11.2\jackson-core-2.11.2.jar;D:\Program Files\apache-maven-3.6.3\repository\com\fasterxml\jackson\core\jackson-databind\2.11.2\jackson-databind-2.11.2.jar;D:\Program Files\apache-maven-3.6.3\repository\com\fasterxml\jackson\core\jackson-annotations\2.11.2\jackson-annotations-2.11.2.jar;D:\Program Files\apache-maven-3.6.3\repository\org\springframework\spring-core\5.2.8.RELEASE\spring-core-5.2.8.RELEASE.jar;D:\Program Files\apache-maven-3.6.3\repository\org\springframework\spring-jcl\5.2.8.RELEASE\spring-jcl-5.2.8.RELEASE.jar;D:\Program Files\apache-maven-3.6.3\repository\org\springframework\spring-context\5.2.8.RELEASE\spring-context-5.2.8.RELEASE.jar;D:\Program Files\apache-maven-3.6.3\repository\org\springframework\spring-beans\5.2.8.RELEASE\spring-beans-5.2.8.RELEASE.jar;D:\Program Files\apache-maven-3.6.3\repository\org\springframework\spring-expression\5.2.8.RELEASE\spring-expression-5.2.8.RELEASE.jar;D:\Program Files\apache-maven-3.6.3\repository\org\postgresql\postgresql\42.2.5\postgresql-42.2.5.jar;D:\Program Files\apache-maven-3.6.3\repository\javax\servlet\javax.servlet-api\4.0.1\javax.servlet-api-4.0.1.jar;D:\Program Files\apache-maven-3.6.3\repository\javax\servlet\jsp\javax.servlet.jsp-api\2.3.3\javax.servlet.jsp-api-2.3.3.jar;D:\Program Files\apache-maven-3.6.3\repository\commons-fileupload\commons-fileupload\1.4\commons-fileupload-1.4.jar;D:\Program Files\apache-maven-3.6.3\repository\org\springframework\spring-webmvc\5.2.8.RELEASE\spring-webmvc-5.2.8.RELEASE.jar;D:\Program Files\apache-maven-3.6.3\repository\org\springframework\spring-web\5.2.8.RELEASE\spring-web-5.2.8.RELEASE.jar;D:\Program Files\apache-maven-3.6.3\repository\org\springframework\spring-orm\5.2.8.RELEASE\spring-orm-5.2.8.RELEASE.jar;D:\Program Files\apache-maven-3.6.3\repository\org\springframework\spring-jdbc\5.2.8.RELEASE\spring-jdbc-5.2.8.RELEASE.jar;D:\Program Files\apache-maven-3.6.3\repository\org\springframework\spring-tx\5.2.8.RELEASE\spring-tx-5.2.8.RELEASE.jar;D:\Program Files\apache-maven-3.6.3\repository\org\springframework\data\spring-data-jpa\2.3.3.RELEASE\spring-data-jpa-2.3.3.RELEASE.jar;D:\Program Files\apache-maven-3.6.3\repository\org\springframework\data\spring-data-commons\2.3.3.RELEASE\spring-data-commons-2.3.3.RELEASE.jar;D:\Program Files\apache-maven-3.6.3\repository\org\slf4j\slf4j-api\1.7.26\slf4j-api-1.7.26.jar;D:\Program Files\apache-maven-3.6.3\repository\org\hibernate\hibernate-core\5.4.21.Final\hibernate-core-5.4.21.Final.jar;D:\Program Files\apache-maven-3.6.3\repository\org\jboss\logging\jboss-logging\3.3.2.Final\jboss-logging-3.3.2.Final.jar;D:\Program Files\apache-maven-3.6.3\repository\javax\persistence\javax.persistence-api\2.2\javax.persistence-api-2.2.jar;D:\Program Files\apache-maven-3.6.3\repository\org\javassist\javassist\3.24.0-GA\javassist-3.24.0-GA.jar;D:\Program Files\apache-maven-3.6.3\repository\net\bytebuddy\byte-buddy\1.10.10\byte-buddy-1.10.10.jar;D:\Program Files\apache-maven-3.6.3\repository\antlr\antlr\2.7.7\antlr-2.7.7.jar;D:\Program Files\apache-maven-3.6.3\repository\org\jboss\spec\javax\transaction\jboss-transaction-api_1.2_spec\1.1.1.Final\jboss-transaction-api_1.2_spec-1.1.1.Final.jar;D:\Program Files\apache-maven-3.6.3\repository\org\jboss\jandex\2.1.3.Final\jandex-2.1.3.Final.jar;D:\Program Files\apache-maven-3.6.3\repository\com\fasterxml\classmate\1.5.1\classmate-1.5.1.jar;D:\Program Files\apache-maven-3.6.3\repository\javax\activation\javax.activation-api\1.2.0\javax.activation-api-1.2.0.jar;D:\Program Files\apache-maven-3.6.3\repository\org\dom4j\dom4j\2.1.3\dom4j-2.1.3.jar;D:\Program Files\apache-maven-3.6.3\repository\org\hibernate\common\hibernate-commons-annotations\5.1.0.Final\hibernate-commons-annotations-5.1.0.Final.jar;D:\Program Files\apache-maven-3.6.3\repository\javax\xml\bind\jaxb-api\2.3.1\jaxb-api-2.3.1.jar;D:\Program Files\apache-maven-3.6.3\repository\org\glassfish\jaxb\jaxb-runtime\2.3.1\jaxb-runtime-2.3.1.jar;D:\Program Files\apache-maven-3.6.3\repository\org\glassfish\jaxb\txw2\2.3.1\txw2-2.3.1.jar;D:\Program Files\apache-maven-3.6.3\repository\com\sun\istack\istack-commons-runtime\3.0.7\istack-commons-runtime-3.0.7.jar;D:\Program Files\apache-maven-3.6.3\repository\org\jvnet\staxex\stax-ex\1.8\stax-ex-1.8.jar;D:\Program Files\apache-maven-3.6.3\repository\com\sun\xml\fastinfoset\FastInfoset\1.2.15\FastInfoset-1.2.15.jar;D:\Program Files\apache-maven-3.6.3\repository\org\hibernate\hibernate-entitymanager\5.4.21.Final\hibernate-entitymanager-5.4.21.Final.jar;D:\Program Files\apache-maven-3.6.3\repository\org\hibernate\hibernate-c3p0\5.4.21.Final\hibernate-c3p0-5.4.21.Final.jar;D:\Program Files\apache-maven-3.6.3\repository\com\mchange\c3p0\0.9.5.5\c3p0-0.9.5.5.jar;D:\Program Files\apache-maven-3.6.3\repository\com\mchange\mchange-commons-java\0.2.19\mchange-commons-java-0.2.19.jar;D:\Program Files\apache-maven-3.6.3\repository\commons-io\commons-io\2.8.0\commons-io-2.8.0.jar;D:\Program Files\apache-maven-3.6.3\repository\org\jsoup\jsoup\1.13.1\jsoup-1.13.1.jar;D:\Program Files\apache-maven-3.6.3\repository\org\xerial\sqlite-jdbc\3.32.3.2\sqlite-jdbc-3.32.3.2.jar;D:\Program Files\apache-maven-3.6.3\repository\org\aspectj\aspectjrt\1.9.6\aspectjrt-1.9.6.jar;D:\Program Files\apache-maven-3.6.3\repository\org\aspectj\aspectjweaver\1.9.6\aspectjweaver-1.9.6.jar;D:\Program Files\apache-maven-3.6.3\repository\org\springframework\spring-aop\5.2.8.RELEASE\spring-aop-5.2.8.RELEASE.jar;D:\Program Files\apache-maven-3.6.3\repository\com\opencsv\opencsv\5.2\opencsv-5.2.jar;D:\Program Files\apache-maven-3.6.3\repository\org\apache\commons\commons-lang3\3.10\commons-lang3-3.10.jar;D:\Program Files\apache-maven-3.6.3\repository\org\apache\commons\commons-text\1.8\commons-text-1.8.jar;D:\Program Files\apache-maven-3.6.3\repository\commons-beanutils\commons-beanutils\1.9.4\commons-beanutils-1.9.4.jar;D:\Program Files\apache-maven-3.6.3\repository\commons-logging\commons-logging\1.2\commons-logging-1.2.jar;D:\Program Files\apache-maven-3.6.3\repository\commons-collections\commons-collections\3.2.2\commons-collections-3.2.2.jar;D:\Program Files\apache-maven-3.6.3\repository\org\apache\commons\commons-collections4\4.4\commons-collections4-4.4.jar;"/>
    <property name="sun.cpu.endian" value="little"/>
    <property name="user.home" value="C:\Users\Admin"/>
    <property name="user.language" value="ru"/>
    <property name="java.specification.vendor" value="Oracle Corporation"/>
    <property name="java.version.date" value="2019-09-17"/>
    <property name="java.home" value="C:\Program Files\Java\jdk-13"/>
    <property name="file.separator" value="\"/>
    <property name="basedir" value="C:\Users\Admin\eclipse-workspace\maven-mvc"/>
    <property name="java.vm.compressedOopsMode" value="32-bit"/>
    <property name="line.separator" value="&#10;"/>
    <property name="java.vm.specification.vendor" value="Oracle Corporation"/>
    <property name="java.specification.name" value="Java Platform API Specification"/>
    <property name="surefire.real.class.path" value="C:\Users\Admin\AppData\Local\Temp\surefire15941355040410154592\surefirebooter1180728909940573813.jar"/>
    <property name="user.script" value=""/>
    <property name="sun.management.compiler" value="HotSpot 64-Bit Tiered Compilers"/>
    <property name="java.runtime.version" value="13+33"/>
    <property name="user.name" value="Пользователь"/>
    <property name="path.separator" value=";"/>
    <property name="os.version" value="6.1"/>
    <property name="java.runtime.name" value="Java(TM) SE Runtime Environment"/>
    <property name="file.encoding" value="Cp1251"/>
    <property name="java.vm.name" value="Java HotSpot(TM) 64-Bit Server VM"/>
    <property name="localRepository" value="D:\Program Files\apache-maven-3.6.3\repository"/>
    <property name="java.vendor.url.bug" value="https://bugreport.java.com/bugreport/"/>
    <property name="java.io.tmpdir" value="C:\Users\Admin\AppData\Local\Temp\"/>
    <property name="java.version" value="13"/>
    <property name="user.dir" value="C:\Users\Admin\eclipse-workspace\maven-mvc"/>
    <property name="os.arch" value="amd64"/>
    <property name="java.vm.specification.name" value="Java Virtual Machine Specification"/>
    <property name="sun.os.patch.level" value="Service Pack 1"/>
    <property name="java.library.path" value="C:\Program Files\Java\jdk-13\bin;C:\Windows\Sun\Java\bin;C:\Windows\system32;C:\Windows;C:/Program Files/Java/jre1.8.0_241/bin/server;C:/Program Files/Java/jre1.8.0_241/bin;C:/Program Files/Java/jre1.8.0_241/lib/amd64;d:\ORACLE\BASE\OraHome_1;d:\ORACLE\BASE\OraHome_1\bin;D:\ORACLE\BASE\product\12.2.0\client_1;D:\ORACLE\BASE\product\12.2.0\client_1\bin;C:\Program Files (x86)\Common Files\Intel\Shared Files\cpp\bin\Intel64;C:\Program Files (x86)\Common Files\Oracle\Java\javapath;C:\Windows\system32;C:\Windows;C:\Windows\System32\Wbem;C:\Windows\System32\WindowsPowerShell\v1.0\;C:\Program Files (x86)\ATI Technologies\ATI.ACE\Core-Static;C:\Program Files (x86)\Avest\AvPCM_nces;c:\Program Files\Java\jdk-13\bin;C:\Program Files\PostgresPro\12\bin;C:\Program Files\PuTTY\;d:\Program Files\apache-maven-3.6.3\bin;d:\sqlite\;D:\JAVA\INSTALL\eclipse;;."/>
    <property name="java.vm.info" value="mixed mode, sharing"/>
    <property name="java.vendor" value="Oracle Corporation"/>
    <property name="java.vm.version" value="13+33"/>
    <property name="sun.io.unicode.encoding" value="UnicodeLittle"/>
    <property name="java.class.version" value="57.0"/>
  </properties>
  <testcase name="testNoException" classname="test.Test" time="45.366"/>
  <testcase name="testConnect" classname="test.Test" time="7.334"/>
  <testcase name="testBasket" classname="test.Test" time="7.713"/>
  <testcase name="testNotNull" classname="test.Test" time="7.822"/>
</testsuite>